<?xml version="1.0" encoding="UTF-8" ?>
<testsuite tests="40" failures="0" name="sp.RunnerTest" time="46.853" errors="0" skipped="25">
  <properties>
[...]
</properties>
  <testcase classname="| ikev2 |" name="Given IPVanish is accessible" time="0.002"/>
  <testcase classname="| ikev2 |" name="When I submit the username and the password" time="0"/>
  <testcase classname="| ikev2 |" name="Then I should be logged in" time="0.003">
    <skipped/>
  </testcase>
  <testcase classname="| ikev2 |" name="Given user selects &quot;ikev2&quot;" time="0.003">
    <skipped/>
  </testcase>
  <testcase classname="| ikev2 |" name="When connection is attempted" time="0.004">
    <skipped/>
  </testcase>
  <testcase classname="| ikev2 |" name="Then connection should be  established through a secure tunnel" time="0.004">
    <skipped/>
  </testcase>
  <testcase classname="| ikev2 |" name="| ikev2 |" time="4.646">
    <skipped/>
    <system-out>[log] CLICK on L(211,525)@S(0)[0,0 1440x900] (614 msec)
[log] CLICK on L(972,674)@S(0)[0,0 1440x900] (613 msec)
[log] CLICK on L(780,309)@S(0)[0,0 1440x900] (617 msec)
</system-out>
  </testcase>
  <testcase classname="| ikev2 |" name="| ikev2 |" time="4.646"/>
  <testcase classname="| ipsec |" name="Given IPVanish is accessible" time="0"/>
  <testcase classname="| ipsec |" name="When I submit the username and the password" time="0"/>
  <testcase classname="| ipsec |" name="Then I should be logged in" time="0.001">
    <skipped/>
  </testcase>
  <testcase classname="| ipsec |" name="Given user selects &quot;ipsec&quot;" time="0.002">
    <skipped/>
  </testcase>
  <testcase classname="| ipsec |" name="When connection is attempted" time="0.002">
    <skipped/>
  </testcase>
  <testcase classname="| ipsec |" name="Then connection should be  established through a secure tunnel" time="0.002">
    <skipped/>
  </testcase>
  <testcase classname="| ipsec |" name="| ipsec |" time="4.672">
    <skipped/>
    <system-out>[log] CLICK on L(211,525)@S(0)[0,0 1440x900] (610 msec)
[log] CLICK on L(972,674)@S(0)[0,0 1440x900] (609 msec)
[log] CLICK on L(780,309)@S(0)[0,0 1440x900] (608 msec)
</system-out>
  </testcase>
  <testcase classname="| ipsec |" name="| ipsec |" time="4.672"/>
  <testcase classname="| l2tp |" name="Given IPVanish is accessible" time="0"/>
  <testcase classname="| l2tp |" name="When I submit the username and the password" time="0"/>
  <testcase classname="| l2tp |" name="Then I should be logged in" time="0.001">
    <skipped/>
  </testcase>
  <testcase classname="| l2tp |" name="Given user selects &quot;l2tp&quot;" time="0.001">
    <skipped/>
  </testcase>
  <testcase classname="| l2tp |" name="When connection is attempted" time="0.001">
    <skipped/>
  </testcase>
  <testcase classname="| l2tp |" name="Then connection should be  established through a secure tunnel" time="0.002">
    <skipped/>
  </testcase>
  <testcase classname="| l2tp |" name="| l2tp |" time="4.566">
    <skipped/>
    <system-out>[log] CLICK on L(211,525)@S(0)[0,0 1440x900] (616 msec)
[log] CLICK on L(972,674)@S(0)[0,0 1440x900] (606 msec)
[log] CLICK on L(780,309)@S(0)[0,0 1440x900] (612 msec)
</system-out>
  </testcase>
  <testcase classname="| l2tp |" name="| l2tp |" time="4.566"/>
  <testcase classname="| tcp |" name="Given IPVanish is accessible" time="0"/>
  <testcase classname="| tcp |" name="When I submit the username and the password" time="0"/>
  <testcase classname="| tcp |" name="Then I should be logged in" time="0.001">
    <skipped/>
  </testcase>
  <testcase classname="| tcp |" name="Given user selects &quot;tcp&quot;" time="0.001">
    <skipped/>
  </testcase>
  <testcase classname="| tcp |" name="When connection is attempted" time="0.002">
    <skipped/>
  </testcase>
  <testcase classname="| tcp |" name="Then connection should be  established through a secure tunnel" time="0.002">
    <skipped/>
  </testcase>
  <testcase classname="| tcp |" name="| tcp |" time="4.559">
    <skipped/>
    <system-out>[log] CLICK on L(211,525)@S(0)[0,0 1440x900] (609 msec)
[log] CLICK on L(972,674)@S(0)[0,0 1440x900] (614 msec)
[log] CLICK on L(780,309)@S(0)[0,0 1440x900] (606 msec)
</system-out>
  </testcase>
  <testcase classname="| tcp |" name="| tcp |" time="4.559"/>
  <testcase classname="| udp |" name="Given IPVanish is accessible" time="0"/>
  <testcase classname="| udp |" name="When I submit the username and the password" time="0"/>
  <testcase classname="| udp |" name="Then I should be logged in" time="0">
    <skipped/>
  </testcase>
  <testcase classname="| udp |" name="Given user selects &quot;udp&quot;" time="0">
    <skipped/>
  </testcase>
  <testcase classname="| udp |" name="When connection is attempted" time="0">
    <skipped/>
  </testcase>
  <testcase classname="| udp |" name="Then connection should be  established through a secure tunnel" time="0.001">
    <skipped/>
  </testcase>
  <testcase classname="| udp |" name="| udp |" time="4.966">
    <skipped/>
    <system-out>[log] CLICK on L(211,525)@S(0)[0,0 1440x900] (608 msec)
[log] CLICK on L(972,674)@S(0)[0,0 1440x900] (609 msec)
[log] CLICK on L(780,309)@S(0)[0,0 1440x900] (606 msec)
</system-out>
  </testcase>
  <testcase classname="| udp |" name="| udp |" time="4.966"/>
</testsuite>